<?xml version="1.0" encoding="UTF-8"?>
<!-- Generated by org.testng.reporters.JUnitXMLReporter -->
<testsuite hostname="Hugo-Tech-175" ignored="0" name="Test2" tests="2" failures="2" timestamp="2022-01-09T19:25:07 WAT" time="0.121" errors="0">
  <testcase name="Home1" time="0.017" classname="ProjectRepo.Demo1.HomePage">
    <failure type="java.lang.NullPointerException">
      <![CDATA[java.lang.NullPointerException
at ProjectRepo.Demo1.DriverRun.intilals(DriverRun.java:52)
at ProjectRepo.Demo1.HomePage.Home1(HomePage.java:18)
at java.util.ArrayList.forEach(Unknown Source)
at java.util.concurrent.FutureTask.run(Unknown Source)
at java.util.concurrent.ThreadPoolExecutor.runWorker(Unknown Source)
at java.util.concurrent.ThreadPoolExecutor$Worker.run(Unknown Source)
at java.lang.Thread.run(Unknown Source)
... Removed 18 stack frames]]>
    </failure>
  </testcase> <!-- Home1 -->
  <testcase name="Home1" time="0.093" classname="ProjectRepo.Demo1.HomePage">
    <failure type="java.lang.NullPointerException">
      <![CDATA[java.lang.NullPointerException
at ProjectRepo.Demo1.DriverRun.getScreenShotPath(DriverRun.java:60)
at ProjectRepo.Demo1.Listens.onTestFailure(Listens.java:61)
at java.util.ArrayList.forEach(Unknown Source)
at java.util.concurrent.FutureTask.run(Unknown Source)
at java.util.concurrent.ThreadPoolExecutor.runWorker(Unknown Source)
at java.util.concurrent.ThreadPoolExecutor$Worker.run(Unknown Source)
at java.lang.Thread.run(Unknown Source)
... Removed 15 stack frames]]>
    </failure>
  </testcase> <!-- Home1 -->
</testsuite> <!-- Test2 -->
