<?xml version="1.0" encoding="UTF-8"?>
<!-- Generated by org.testng.reporters.JUnitXMLReporter -->
<testsuite hostname="Hugo-Tech-175" ignored="0" name="Test" tests="1" failures="0" timestamp="2022-01-09T19:25:07 WAT" time="0.081" errors="0">
  <testcase name="@BeforeTest intialize" time="0.021" classname="ProjectRepo.Demo1.LoginTest">
    <failure type="java.lang.NullPointerException">
      <![CDATA[java.lang.NullPointerException
at ProjectRepo.Demo1.DriverRun.intilals(DriverRun.java:52)
at ProjectRepo.Demo1.LoginTest.intialize(LoginTest.java:19)
at java.util.concurrent.FutureTask.run(Unknown Source)
at java.util.concurrent.ThreadPoolExecutor.runWorker(Unknown Source)
at java.util.concurrent.ThreadPoolExecutor$Worker.run(Unknown Source)
at java.lang.Thread.run(Unknown Source)
... Removed 15 stack frames]]>
    </failure>
  </testcase> <!-- @BeforeTest intialize -->
  <testcase name="@AfterTest teardown" time="-1.641752707396E9" classname="ProjectRepo.Demo1.LoginTest">
    <skipped/>
  </testcase> <!-- @AfterTest teardown -->
  <testcase name="Login1Test" time="0.0" classname="ProjectRepo.Demo1.LoginTest">
    <skipped/>
  </testcase> <!-- Login1Test -->
</testsuite> <!-- Test -->
