<?xml version="1.0" encoding="UTF-8"?>
<testsuite xmlns:xsi="http://www.w3.org/2001/XMLSchema-instance" xsi:noNamespaceSchemaLocation="https://maven.apache.org/surefire/maven-surefire-plugin/xsd/surefire-test-report.xsd" name="TestSuite" time="3.214" tests="5" errors="0" skipped="2" failures="3">
  <properties>
[...]
</properties>
  <testcase name="intialize" classname="ProjectRepo.Demo1.LoginTest" time="2.419">
    <failure type="java.lang.NullPointerException">java.lang.NullPointerException
	at ProjectRepo.Demo1.LoginTest.intialize(LoginTest.java:19)
</failure>
    <system-out><![CDATA[chrome
]]></system-out>
  </testcase>
  <testcase name="Login1Test" classname="ProjectRepo.Demo1.LoginTest" time="0">
    <skipped/>
  </testcase>
  <testcase name="teardown" classname="ProjectRepo.Demo1.LoginTest" time="0">
    <skipped/>
    <system-out><![CDATA[chrome
]]></system-out>
  </testcase>
  <testcase name="Home1" classname="ProjectRepo.Demo1.HomePage" time="0.021">
    <failure type="java.lang.NullPointerException">java.lang.NullPointerException
	at ProjectRepo.Demo1.HomePage.Home1(HomePage.java:18)
</failure>
  </testcase>
  <testcase name="Home1" classname="ProjectRepo.Demo1.HomePage" time="0.059">
    <failure type="java.lang.NullPointerException">java.lang.NullPointerException
</failure>
  </testcase>
</testsuite>